<?xml version="1.0" encoding="utf-8"?><testsuites><testsuite name="pytest" errors="0" failures="0" skipped="0" tests="39" time="4.545" timestamp="2024-05-14T20:35:45.440982" hostname="DESKTOP-NE9H4SI"><testcase classname="v1.routers.tests.integration.test_health_check_router" name="test_health_check_for_main_app" time="2.188" /><testcase classname="v1.routers.tests.integration.test_health_check_router" name="test_health_check_for_app_v1" time="0.011" /><testcase classname="v1.routers.tests.integration.test_user_router" name="test_create_user" time="0.166" /><testcase classname="v1.routers.tests.integration.test_user_router" name="test_create_same_user_as_above_test_is_possible" time="0.092" /><testcase classname="v1.services.tests.test_passwords" name="test_hash_password[MyPassword37!]" time="0.069" /><testcase classname="v1.services.tests.test_passwords" name="test_hash_password[=TopSecRET42]" time="0.066" /><testcase classname="v1.services.tests.test_passwords" name="test_hash_password[^12aErT]" time="0.072" /><testcase classname="v1.services.tests.test_passwords" name="test_hash_password[0GK$oqZtg5,rXPL*MXxy]" time="0.074" /><testcase classname="v1.services.tests.test_passwords" name="test_hash_password[$%5{3^pRfNu,E6Fp2vjB]" time="0.071" /><testcase classname="v1.services.tests.test_passwords" name="test_is_password_correct_with_password_which_matches_hashed_password[MyPassword37!]" time="0.075" /><testcase classname="v1.services.tests.test_passwords" name="test_is_password_correct_with_password_which_matches_hashed_password[=TopSecRET42]" time="0.080" /><testcase classname="v1.services.tests.test_passwords" name="test_is_password_correct_with_password_which_matches_hashed_password[^12aErT]" time="0.070" /><testcase classname="v1.services.tests.test_passwords" name="test_is_password_correct_with_password_which_does_not_match_hashed_password[^0GK$oqZtg5,rXPL*MXxy]" time="0.073" /><testcase classname="v1.services.tests.test_passwords" name="test_is_password_correct_with_password_which_does_not_match_hashed_password[$%5{3^pRfNu,E6Fp2vjB]" time="0.067" /><testcase classname="v1.services.tests.test_passwords" name="test_is_password_correct_with_password_which_does_not_match_hashed_password[#yAm5$*KNA&amp;hZVRx.aS,]" time="0.002" /><testcase classname="v1.utils.tests.test_utils" name="test_convert_string_to_bool_for_true_cases[1]" time="0.001" /><testcase classname="v1.utils.tests.test_utils" name="test_convert_string_to_bool_for_true_cases[t]" time="0.001" /><testcase classname="v1.utils.tests.test_utils" name="test_convert_string_to_bool_for_true_cases[T]" time="0.001" /><testcase classname="v1.utils.tests.test_utils" name="test_convert_string_to_bool_for_true_cases[true]" time="0.001" /><testcase classname="v1.utils.tests.test_utils" name="test_convert_string_to_bool_for_true_cases[True]" time="0.001" /><testcase classname="v1.utils.tests.test_utils" name="test_convert_string_to_bool_for_true_cases[TRUE]" time="0.001" /><testcase classname="v1.utils.tests.test_utils" name="test_convert_string_to_bool_for_true_cases[y]" time="0.002" /><testcase classname="v1.utils.tests.test_utils" name="test_convert_string_to_bool_for_true_cases[Y]" time="0.001" /><testcase classname="v1.utils.tests.test_utils" name="test_convert_string_to_bool_for_true_cases[yes]" time="0.001" /><testcase classname="v1.utils.tests.test_utils" name="test_convert_string_to_bool_for_true_cases[Yes]" time="0.001" /><testcase classname="v1.utils.tests.test_utils" name="test_convert_string_to_bool_for_true_cases[YES]" time="0.001" /><testcase classname="v1.utils.tests.test_utils" name="test_convert_string_to_bool_for_false_cases[0]" time="0.001" /><testcase classname="v1.utils.tests.test_utils" name="test_convert_string_to_bool_for_false_cases[f]" time="0.001" /><testcase classname="v1.utils.tests.test_utils" name="test_convert_string_to_bool_for_false_cases[F]" time="0.001" /><testcase classname="v1.utils.tests.test_utils" name="test_convert_string_to_bool_for_false_cases[false]" time="0.001" /><testcase classname="v1.utils.tests.test_utils" name="test_convert_string_to_bool_for_false_cases[False]" time="0.001" /><testcase classname="v1.utils.tests.test_utils" name="test_convert_string_to_bool_for_false_cases[FALSE]" time="0.002" /><testcase classname="v1.utils.tests.test_utils" name="test_convert_string_to_bool_for_false_cases[n]" time="0.002" /><testcase classname="v1.utils.tests.test_utils" name="test_convert_string_to_bool_for_false_cases[N]" time="0.002" /><testcase classname="v1.utils.tests.test_utils" name="test_convert_string_to_bool_for_false_cases[no]" time="0.001" /><testcase classname="v1.utils.tests.test_utils" name="test_convert_string_to_bool_for_false_cases[No]" time="0.001" /><testcase classname="v1.utils.tests.test_utils" name="test_convert_string_to_bool_for_false_cases[NO]" time="0.001" /><testcase classname="v1.utils.tests.test_utils" name="test_get_class_variables_for_regular_class" time="0.002" /><testcase classname="v1.utils.tests.test_utils" name="test_get_class_variables_for_dataclass" time="0.208" /></testsuite></testsuites>
